<?xml version="1.0" encoding="UTF-8"?>
<testsuite xmlns:xsi="http://www.w3.org/2001/XMLSchema-instance" xsi:noNamespaceSchemaLocation="https://maven.apache.org/surefire/maven-surefire-plugin/xsd/surefire-test-report.xsd" name="TestSuite" time="21.267" tests="1" errors="0" skipped="0" failures="1">
  <properties>
[...]
</properties>
  <testcase name="TC01_ContactUsWithValidData" classname="Testcases.ContactUs" time="5.105">
    <failure type="java.lang.NullPointerException">java.lang.NullPointerException
	at Testcases.ContactUs.TC01_ContactUsWithValidData(ContactUs.java:55)
</failure>
    <system-out><![CDATA[INFO  ContactUs - TC01_ContactUsWithValidData: Step 01: Waiting for Home page is displayed
INFO  ContactUs -  --- PASSED ---
INFO  ContactUs -  --- FAILED ---
INFO  ContactUs - TC01_ContactUsWithValidData: Step 02: Click to 'Liên h?' link
INFO  ContactUs - TC01_ContactUsWithValidData: Step 03: Waiting for Contact page is displayed
INFO  ContactUs -  --- PASSED ---
INFO  ContactUs -  --- FAILED ---
INFO  ContactUs - TC01_ContactUsWithValidData: Step 04: Input data to 'H? & tên' textbox
INFO  ContactUs - TC01_ContactUsWithValidData: Step 05: Input data to 'Email' textbox
INFO  ContactUs - TC01_ContactUsWithValidData: Step 06: Input data to '?i?n tho?i' textbox
INFO  ContactUs - TC01_ContactUsWithValidData: Step 07: Select value for 'M?c ?ích liên h?'
INFO  ContactUs - TC01_ContactUsWithValidData: Step 08: Input data to 'Message' textarea
INFO  ContactUs - TC01_ContactUsWithValidData: Step 09: Click to 'G?i tin' button
INFO  ContactUs - TC01_ContactUsWithValidData: Step 11: Wait for the success message displayed
INFO  ContactUs - TC01_ContactUsWithValidData: Step 12: Verify the success message
INFO  ContactUs -  --- PASSED ---
INFO  ContactUs -  --- FAILED ---
]]></system-out>
    <system-err><![CDATA[log4j:WARN Continuable parsing error 5 and column 16
log4j:WARN Attribute "xmlns:log4j" with value "https://jakarta.apache.org/log4j/" must have a value of "http://jakarta.apache.org/log4j/".
Apr 02, 2020 3:58:13 PM org.openqa.selenium.remote.DesiredCapabilities chrome
INFO: Using `new ChromeOptions()` is preferred to `DesiredCapabilities.chrome()`
Starting ChromeDriver 80.0.3987.106 (f68069574609230cf9b635cd784cfb1bf81bb53a-refs/branch-heads/3987@{#882}) on port 26558
Only local connections are allowed.
Please protect ports used by ChromeDriver and related test frameworks to prevent access by malicious code.
Apr 02, 2020 3:58:16 PM org.openqa.selenium.remote.ProtocolHandshake createSession
INFO: Detected dialect: W3C
[1585817897.128][SEVERE]: Timed out receiving message from renderer: 0.100
[1585817897.519][SEVERE]: Timed out receiving message from renderer: 0.100
[1585817897.744][SEVERE]: Timed out receiving message from renderer: 0.100
[1585817897.845][SEVERE]: Timed out receiving message from renderer: 0.100
[1585817897.946][SEVERE]: Timed out receiving message from renderer: 0.100
[1585817898.266][SEVERE]: Timed out receiving message from renderer: 0.100
[1585817898.368][SEVERE]: Timed out receiving message from renderer: 0.100
[1585817898.468][SEVERE]: Timed out receiving message from renderer: 0.100
[1585817898.569][SEVERE]: Timed out receiving message from renderer: 0.100
[1585817898.671][SEVERE]: Timed out receiving message from renderer: 0.100
[1585817898.771][SEVERE]: Timed out receiving message from renderer: 0.100
[1585817898.872][SEVERE]: Timed out receiving message from renderer: 0.100
[1585817898.973][SEVERE]: Timed out receiving message from renderer: 0.100
[1585817899.074][SEVERE]: Timed out receiving message from renderer: 0.100
[1585817899.176][SEVERE]: Timed out receiving message from renderer: 0.100
[1585817899.277][SEVERE]: Timed out receiving message from renderer: 0.100
[1585817899.378][SEVERE]: Timed out receiving message from renderer: 0.100
[1585817899.479][SEVERE]: Timed out receiving message from renderer: 0.100
[1585817899.580][SEVERE]: Timed out receiving message from renderer: 0.100
[1585817899.682][SEVERE]: Timed out receiving message from renderer: 0.100
[1585817899.784][SEVERE]: Timed out receiving message from renderer: 0.100
[1585817899.885][SEVERE]: Timed out receiving message from renderer: 0.100
[1585817899.987][SEVERE]: Timed out receiving message from renderer: 0.100
[1585817900.088][SEVERE]: Timed out receiving message from renderer: 0.100
[1585817900.189][SEVERE]: Timed out receiving message from renderer: 0.100
[1585817900.290][SEVERE]: Timed out receiving message from renderer: 0.100
[1585817900.391][SEVERE]: Timed out receiving message from renderer: 0.100
[1585817900.553][SEVERE]: Timed out receiving message from renderer: 0.100
[1585817900.654][SEVERE]: Timed out receiving message from renderer: 0.100
[1585817900.755][SEVERE]: Timed out receiving message from renderer: 0.100
[1585817900.858][SEVERE]: Timed out receiving message from renderer: 0.100
[1585817900.959][SEVERE]: Timed out receiving message from renderer: 0.100
[1585817901.061][SEVERE]: Timed out receiving message from renderer: 0.100
[1585817901.162][SEVERE]: Timed out receiving message from renderer: 0.100
[1585817901.264][SEVERE]: Timed out receiving message from renderer: 0.100
[1585817901.365][SEVERE]: Timed out receiving message from renderer: 0.100
[1585817901.466][SEVERE]: Timed out receiving message from renderer: 0.100
[1585817901.567][SEVERE]: Timed out receiving message from renderer: 0.100
[1585817901.767][SEVERE]: Timed out receiving message from renderer: 0.100
[1585817901.868][SEVERE]: Timed out receiving message from renderer: 0.100
[1585817902.057][SEVERE]: Timed out receiving message from renderer: 0.100
[1585817902.251][SEVERE]: Timed out receiving message from renderer: 0.100
[1585817902.353][SEVERE]: Timed out receiving message from renderer: 0.100
[1585817902.510][SEVERE]: Timed out receiving message from renderer: 0.100
[1585817902.611][SEVERE]: Timed out receiving message from renderer: 0.100
[1585817902.745][SEVERE]: Timed out receiving message from renderer: 0.100
[1585817902.846][SEVERE]: Timed out receiving message from renderer: 0.100
[1585817902.948][SEVERE]: Timed out receiving message from renderer: 0.100
[1585817903.049][SEVERE]: Timed out receiving message from renderer: 0.100
[1585817903.150][SEVERE]: Timed out receiving message from renderer: 0.100
[1585817903.322][SEVERE]: Timed out receiving message from renderer: 0.100
[1585817903.423][SEVERE]: Timed out receiving message from renderer: 0.100
[1585817903.526][SEVERE]: Timed out receiving message from renderer: 0.100
[1585817903.629][SEVERE]: Timed out receiving message from renderer: 0.100
[1585817903.730][SEVERE]: Timed out receiving message from renderer: 0.100
[1585817903.832][SEVERE]: Timed out receiving message from renderer: 0.100
[1585817903.933][SEVERE]: Timed out receiving message from renderer: 0.100
[1585817904.035][SEVERE]: Timed out receiving message from renderer: 0.100
[1585817904.136][SEVERE]: Timed out receiving message from renderer: 0.100
[1585817904.238][SEVERE]: Timed out receiving message from renderer: 0.100
[1585817904.339][SEVERE]: Timed out receiving message from renderer: 0.100
[1585817904.440][SEVERE]: Timed out receiving message from renderer: 0.100
[1585817904.542][SEVERE]: Timed out receiving message from renderer: 0.100
[1585817904.644][SEVERE]: Timed out receiving message from renderer: 0.100
[1585817904.746][SEVERE]: Timed out receiving message from renderer: 0.100
[1585817904.848][SEVERE]: Timed out receiving message from renderer: 0.100
[1585817904.951][SEVERE]: Timed out receiving message from renderer: 0.100
[1585817905.052][SEVERE]: Timed out receiving message from renderer: 0.100
[1585817905.154][SEVERE]: Timed out receiving message from renderer: 0.100
[1585817905.255][SEVERE]: Timed out receiving message from renderer: 0.100
[1585817905.357][SEVERE]: Timed out receiving message from renderer: 0.100
[1585817905.459][SEVERE]: Timed out receiving message from renderer: 0.100
[1585817905.561][SEVERE]: Timed out receiving message from renderer: 0.100
[1585817905.663][SEVERE]: Timed out receiving message from renderer: 0.100
[1585817905.764][SEVERE]: Timed out receiving message from renderer: 0.100
[1585817905.867][SEVERE]: Timed out receiving message from renderer: 0.100
[1585817905.968][SEVERE]: Timed out receiving message from renderer: 0.100
[1585817906.070][SEVERE]: Timed out receiving message from renderer: 0.100
[1585817906.172][SEVERE]: Timed out receiving message from renderer: 0.100
[1585817906.273][SEVERE]: Timed out receiving message from renderer: 0.100
[1585817906.375][SEVERE]: Timed out receiving message from renderer: 0.100
[1585817906.478][SEVERE]: Timed out receiving message from renderer: 0.100
[1585817906.580][SEVERE]: Timed out receiving message from renderer: 0.100
[1585817906.683][SEVERE]: Timed out receiving message from renderer: 0.100
[1585817906.786][SEVERE]: Timed out receiving message from renderer: 0.100
[1585817906.887][SEVERE]: Timed out receiving message from renderer: 0.100
[1585817906.989][SEVERE]: Timed out receiving message from renderer: 0.100
[1585817907.093][SEVERE]: Timed out receiving message from renderer: 0.100
[1585817907.194][SEVERE]: Timed out receiving message from renderer: 0.100
[1585817907.295][SEVERE]: Timed out receiving message from renderer: 0.100
[1585817907.396][SEVERE]: Timed out receiving message from renderer: 0.100
[1585817907.498][SEVERE]: Timed out receiving message from renderer: 0.100
[1585817907.600][SEVERE]: Timed out receiving message from renderer: 0.100
[1585817907.702][SEVERE]: Timed out receiving message from renderer: 0.100
[1585817907.803][SEVERE]: Timed out receiving message from renderer: 0.100
[1585817907.904][SEVERE]: Timed out receiving message from renderer: 0.100
[1585817908.007][SEVERE]: Timed out receiving message from renderer: 0.100
[1585817908.109][SEVERE]: Timed out receiving message from renderer: 0.100
[1585817908.212][SEVERE]: Timed out receiving message from renderer: 0.100
[1585817909.384][SEVERE]: Timed out receiving message from renderer: 0.100
[1585817909.486][SEVERE]: Timed out receiving message from renderer: 0.100
[1585817909.587][SEVERE]: Timed out receiving message from renderer: 0.100
[1585817909.688][SEVERE]: Timed out receiving message from renderer: 0.100
[1585817909.790][SEVERE]: Timed out receiving message from renderer: 0.100
[1585817909.892][SEVERE]: Timed out receiving message from renderer: 0.100
[1585817909.995][SEVERE]: Timed out receiving message from renderer: 0.100
[1585817910.097][SEVERE]: Timed out receiving message from renderer: 0.100
[1585817910.300][SEVERE]: Timed out receiving message from renderer: 0.100
[1585817910.401][SEVERE]: Timed out receiving message from renderer: 0.100
[1585817910.597][SEVERE]: Timed out receiving message from renderer: 0.100
[1585817910.698][SEVERE]: Timed out receiving message from renderer: 0.100
[1585817910.852][SEVERE]: Timed out receiving message from renderer: 0.100
]]></system-err>
  </testcase>
</testsuite>