-------------------------------------------------------------------------------
Test set: TestSuite
-------------------------------------------------------------------------------
Tests run: 1, Failures: 1, Errors: 0, Skipped: 0, Time elapsed: 21.267 s <<< FAILURE! - in TestSuite
TC01_ContactUsWithValidData(Testcases.ContactUs)  Time elapsed: 5.105 s  <<< FAILURE!
java.lang.NullPointerException
	at Testcases.ContactUs.TC01_ContactUsWithValidData(ContactUs.java:55)

