<?xml version="1.0" encoding="UTF-8"?>
<!-- Generated by org.testng.reporters.JUnitXMLReporter -->
<testsuite hostname="DESKTOP-NR5EHCE" name="Test" tests="1" failures="1" timestamp="2 Apr 2020 08:58:33 GMT" time="20.029" errors="0">
  <testcase name="TC01_ContactUsWithValidData" time="5.099" classname="Testcases.ContactUs">
    <failure type="java.lang.NullPointerException">
      <![CDATA[java.lang.NullPointerException
	at Commons.ExtentReportListener.extendLog(ExtentReportListener.java:103)
	at Commons.AbstractTest.verifyEquals(AbstractTest.java:51)
	at Testcases.ContactUs.TC01_ContactUsWithValidData(ContactUs.java:55)
	at org.apache.maven.surefire.testng.TestNGExecutor.run(TestNGExecutor.java:283)
	at org.apache.maven.surefire.testng.TestNGXmlTestSuite.execute(TestNGXmlTestSuite.java:75)
	at org.apache.maven.surefire.testng.TestNGProvider.invoke(TestNGProvider.java:120)
	at org.apache.maven.surefire.booter.ForkedBooter.invokeProviderInSameClassLoader(ForkedBooter.java:384)
	at org.apache.maven.surefire.booter.ForkedBooter.runSuitesInProcess(ForkedBooter.java:345)
	at org.apache.maven.surefire.booter.ForkedBooter.execute(ForkedBooter.java:126)
	at org.apache.maven.surefire.booter.ForkedBooter.main(ForkedBooter.java:418)
... Removed 21 stack frames]]>
    </failure>
  </testcase> <!-- TC01_ContactUsWithValidData -->
</testsuite> <!-- Test -->
